C51 COMPILER V9.60.7.0   MAIN                                                              07/09/2025 13:02:28 PAGE 1   


C51 COMPILER V9.60.7.0, COMPILATION OF MODULE MAIN
OBJECT MODULE PLACED IN .\Objects\main.obj
COMPILER INVOKED BY: C:\Keil_v5\C51\BIN\C51.EXE main.c OPTIMIZE(8,SPEED) BROWSE DEBUG OBJECTEXTEND PRINT(.\Listings\main
                    -.lst) TABS(2) OBJECT(.\Objects\main.obj)

line level    source

   1          #include <REGX51.H>
   2          
   3          // 7-segment codes for digits 0–9 (common cathode)
   4          unsigned char seg_code[10] = {
   5              0x3F, // 0
   6              0x06, // 1
   7              0x5B, // 2
   8              0x4F, // 3
   9              0x66, // 4
  10              0x6D, // 5
  11              0x7D, // 6
  12              0x07, // 7
  13              0x7F, // 8
  14              0x6F  // 9
  15          };
  16          
  17          // Digit control pins
  18          sbit DIG1 = P0^0;
  19          sbit DIG2 = P0^1;
  20          sbit DIG3 = P0^2;
  21          sbit DIG4 = P0^3;
  22          
  23          // Disable all digit pins
  24          void disable_all_digits() {
  25   1          DIG1 = 1;
  26   1          DIG2 = 1;
  27   1          DIG3 = 1;
  28   1          DIG4 = 1;
  29   1      }
  30          
  31          // Short delay (approx 1 ms)
  32          void delay_ms(unsigned int ms) {
  33   1          unsigned int i, j;
  34   1          for (i = 0; i < ms; i++)
  35   1              for (j = 0; j < 1275; j++);
  36   1      }
  37          
  38          // Display one digit at a time
  39          void display_digits(unsigned int num) {
  40   1          unsigned char t, h, te, o;
  41   1      
  42   1          t = (num / 1000) % 10;
  43   1          h = (num / 100) % 10;
  44   1          te = (num / 10) % 10;
  45   1          o = num % 10;
  46   1      
  47   1          // Thousands place
  48   1          disable_all_digits();
  49   1          P2 = seg_code[t];
  50   1          DIG1 = 0;
  51   1          delay_ms(1);
  52   1      
  53   1          // Hundreds place
  54   1          disable_all_digits();
C51 COMPILER V9.60.7.0   MAIN                                                              07/09/2025 13:02:28 PAGE 2   

  55   1          P2 = seg_code[h];
  56   1          DIG2 = 0;
  57   1          delay_ms(1);
  58   1      
  59   1          // Tens place
  60   1          disable_all_digits();
  61   1          P2 = seg_code[te];
  62   1          DIG3 = 0;
  63   1          delay_ms(1);
  64   1      
  65   1          // Ones place
  66   1          disable_all_digits();
  67   1          P2 = seg_code[o];
  68   1          DIG4 = 0;
  69   1          delay_ms(1);
  70   1      }
  71          
  72          void main() {
  73   1          unsigned int number = 0;
  74   1          unsigned int refresh_count = 0;
  75   1      
  76   1          while (1) {
  77   2              // Refresh display many times before changing number
  78   2              display_digits(number);
  79   2              refresh_count++;
  80   2      
  81   2              if (refresh_count >= 1) {  // ~250 full refreshes (~1s)
  82   3                  refresh_count = 0;
  83   3                  number++;
  84   3                  if (number > 9999)
  85   3                      number = 0;
  86   3              }
  87   2          }
  88   1      }


MODULE INFORMATION:   STATIC OVERLAYABLE
   CODE SIZE        =    238    ----
   CONSTANT SIZE    =   ----    ----
   XDATA SIZE       =   ----    ----
   PDATA SIZE       =   ----    ----
   DATA SIZE        =     10       5
   IDATA SIZE       =   ----    ----
   BIT SIZE         =   ----    ----
END OF MODULE INFORMATION.


C51 COMPILATION COMPLETE.  0 WARNING(S),  0 ERROR(S)
